Command line invocation:
    /Applications/Xcode.app/Contents/Developer/usr/bin/xcodebuild -project JailbreakShield.xcodeproj -scheme JailbreakShield -sdk iphoneos build

Build settings from command line:
    SDKROOT = iphoneos26.5

2026-06-29 10:53:01.687 xcodebuild[78104:1210297] [MT] IDERunDestination: Supported platforms for the buildables in the current scheme is empty.
--- xcodebuild: WARNING: Using the first of multiple matching destinations:
{ platform:iOS, id:dvtdevice-DVTiPhonePlaceholder-iphoneos:placeholder, name:Any iOS Device }
{ platform:iOS, arch:arm64, id:00008122-00121852218A801C, name:Carpro’s iPad }
{ platform:iOS, arch:arm64, id:00008110-000969D834A0201E, name:iPhone }
{ platform:macOS, arch:arm64, id:00008132-001C10E221C1801C, name:My Mac }
{ platform:macOS, arch:x86_64, id:00008132-001C10E221C1801C, name:My Mac }
{ platform:iOS Simulator, id:dvtdevice-DVTiOSDeviceSimulatorPlaceholder-iphonesimulator:placeholder, name:Any iOS Simulator Device }
{ platform:macOS, name:Any Mac }
{ platform:iOS Simulator, arch:arm64, id:D04154DE-66C4-4012-8E22-8C98FD023BF6, OS:26.5, name:iPad (A16) }
{ platform:iOS Simulator, arch:x86_64, id:D04154DE-66C4-4012-8E22-8C98FD023BF6, OS:26.5, name:iPad (A16) }
{ platform:iOS Simulator, arch:arm64, id:6B5EB3D1-196A-46B6-A9F3-19B44733D2E7, OS:26.5, name:iPad Air 11-inch (M4) }
{ platform:iOS Simulator, arch:x86_64, id:6B5EB3D1-196A-46B6-A9F3-19B44733D2E7, OS:26.5, name:iPad Air 11-inch (M4) }
{ platform:iOS Simulator, arch:arm64, id:E01C6161-8083-4BD8-B094-C1041CC4651D, OS:26.5, name:iPad Air 13-inch (M4) }
{ platform:iOS Simulator, arch:x86_64, id:E01C6161-8083-4BD8-B094-C1041CC4651D, OS:26.5, name:iPad Air 13-inch (M4) }
{ platform:iOS Simulator, arch:arm64, id:2D976F43-2AC5-40E1-8C62-035E86ABE2B1, OS:26.5, name:iPad Pro 11-inch (M5) }
{ platform:iOS Simulator, arch:x86_64, id:2D976F43-2AC5-40E1-8C62-035E86ABE2B1, OS:26.5, name:iPad Pro 11-inch (M5) }
{ platform:iOS Simulator, arch:arm64, id:14C5D92B-F695-4AD6-A2CA-A357B1E2F6F2, OS:26.5, name:iPad Pro 13-inch (M5) }
{ platform:iOS Simulator, arch:x86_64, id:14C5D92B-F695-4AD6-A2CA-A357B1E2F6F2, OS:26.5, name:iPad Pro 13-inch (M5) }
{ platform:iOS Simulator, arch:arm64, id:DADF972C-565B-4D1C-9783-9BA871E28F1E, OS:26.5, name:iPad mini (A17 Pro) }
{ platform:iOS Simulator, arch:x86_64, id:DADF972C-565B-4D1C-9783-9BA871E28F1E, OS:26.5, name:iPad mini (A17 Pro) }
{ platform:iOS Simulator, arch:arm64, id:B167EC87-9136-4C03-A2A3-F1F7F5272F8C, OS:26.5, name:iPhone 17 }
{ platform:iOS Simulator, arch:x86_64, id:B167EC87-9136-4C03-A2A3-F1F7F5272F8C, OS:26.5, name:iPhone 17 }
{ platform:iOS Simulator, arch:arm64, id:9C80175A-0A75-4870-AA55-13ACC897D259, OS:26.5, name:iPhone 17 Pro }
{ platform:iOS Simulator, arch:x86_64, id:9C80175A-0A75-4870-AA55-13ACC897D259, OS:26.5, name:iPhone 17 Pro }
{ platform:iOS Simulator, arch:arm64, id:852CA736-B2D3-4E4B-A5F1-01B3CB100D18, OS:26.1, name:iPhone 17 Pro Max }
{ platform:iOS Simulator, arch:arm64, id:32C953A1-093E-48D7-8EAB-7F86C6DFA709, OS:26.5, name:iPhone 17 Pro Max }
{ platform:iOS Simulator, arch:x86_64, id:32C953A1-093E-48D7-8EAB-7F86C6DFA709, OS:26.5, name:iPhone 17 Pro Max }
{ platform:iOS Simulator, arch:arm64, id:A7C5BBC8-AFC0-459E-9F42-65795D93BA9F, OS:26.5, name:iPhone 17e }
{ platform:iOS Simulator, arch:x86_64, id:A7C5BBC8-AFC0-459E-9F42-65795D93BA9F, OS:26.5, name:iPhone 17e }
{ platform:iOS Simulator, arch:arm64, id:DA43E220-5483-4A62-B2C1-0C0046B12DA2, OS:26.5, name:iPhone Air }
{ platform:iOS Simulator, arch:x86_64, id:DA43E220-5483-4A62-B2C1-0C0046B12DA2, OS:26.5, name:iPhone Air }
ComputePackagePrebuildTargetDependencyGraph

Prepare packages

CreateBuildRequest

SendProjectDescription

CreateBuildOperation

ComputeTargetDependencyGraph
note: Building targets in dependency order
note: Target dependency graph (1 target)
    Target 'JailbreakShield' in project 'JailbreakShield' (no dependencies)

GatherProvisioningInputs

CreateBuildDescription

ExecuteExternalTool /Applications/Xcode.app/Contents/Developer/Toolchains/XcodeDefault.xctoolchain/usr/bin/clang -v -E -dM -isysroot /Applications/Xcode.app/Contents/Developer/Platforms/iPhoneOS.platform/Developer/SDKs/iPhoneOS26.5.sdk -x c -c /dev/null

ExecuteExternalTool /Applications/Xcode.app/Contents/Developer/Toolchains/XcodeDefault.xctoolchain/usr/bin/clang -v -E -dM -arch arm64 -isysroot /Applications/Xcode.app/Contents/Developer/Platforms/iPhoneOS.platform/Developer/SDKs/iPhoneOS26.5.sdk -x c -c /dev/null

ExecuteExternalTool /Applications/Xcode.app/Contents/Developer/Toolchains/XcodeDefault.xctoolchain/usr/bin/clang -v -E -dM -arch arm64 -isysroot /Applications/Xcode.app/Contents/Developer/Platforms/iPhoneOS.platform/Developer/SDKs/iPhoneOS26.5.sdk -x objective-c -c /dev/null

ExecuteExternalTool /Applications/Xcode.app/Contents/Developer/Toolchains/XcodeDefault.xctoolchain/usr/bin/swiftc --version

ExecuteExternalTool /Applications/Xcode.app/Contents/Developer/Toolchains/XcodeDefault.xctoolchain/usr/bin/ld -version_details

Build description signature: e5d769c3d4d4cae625b003ec5c166ec9
Build description path: /Users/emotionmobility/Library/Developer/Xcode/DerivedData/JailbreakShield-cgpmvyyhzyvzezfekfczwawwstag/Build/Intermediates.noindex/XCBuildData/e5d769c3d4d4cae625b003ec5c166ec9.xcbuilddata
ClangStatCache /Applications/Xcode.app/Contents/Developer/Toolchains/XcodeDefault.xctoolchain/usr/bin/clang-stat-cache /Applications/Xcode.app/Contents/Developer/Platforms/iPhoneOS.platform/Developer/SDKs/iPhoneOS26.5.sdk /Users/emotionmobility/Library/Developer/Xcode/DerivedData/SDKStatCaches.noindex/iphoneos26.5-23F73-32daed1954a7d5dd0789fcaf2a9bb78b.sdkstatcache
    cd /Users/emotionmobility/Desktop/JailbreakShield/JailbreakShield.xcodeproj
    /Applications/Xcode.app/Contents/Developer/Toolchains/XcodeDefault.xctoolchain/usr/bin/clang-stat-cache /Applications/Xcode.app/Contents/Developer/Platforms/iPhoneOS.platform/Developer/SDKs/iPhoneOS26.5.sdk -o /Users/emotionmobility/Library/Developer/Xcode/DerivedData/SDKStatCaches.noindex/iphoneos26.5-23F73-32daed1954a7d5dd0789fcaf2a9bb78b.sdkstatcache

VerifyModule /Users/emotionmobility/Library/Developer/Xcode/DerivedData/JailbreakShield-cgpmvyyhzyvzezfekfczwawwstag/Build/Products/Debug-iphoneos/JailbreakShield.framework (in target 'JailbreakShield' from project 'JailbreakShield')
    cd /Users/emotionmobility/Desktop/JailbreakShield
    /Applications/Xcode.app/Contents/Developer/Toolchains/XcodeDefault.xctoolchain/usr/bin/modules-verifier /Users/emotionmobility/Library/Developer/Xcode/DerivedData/JailbreakShield-cgpmvyyhzyvzezfekfczwawwstag/Build/Products/Debug-iphoneos/JailbreakShield.framework --clang /Applications/Xcode.app/Contents/Developer/Toolchains/XcodeDefault.xctoolchain/usr/bin/clang --diagnostic-filename-map /Users/emotionmobility/Library/Developer/Xcode/DerivedData/JailbreakShield-cgpmvyyhzyvzezfekfczwawwstag/Build/Intermediates.noindex/JailbreakShield.build/Debug-iphoneos/JailbreakShield.build/JailbreakShield-diagnostic-filename-map.json --sdk /Applications/Xcode.app/Contents/Developer/Platforms/iPhoneOS.platform/Developer/SDKs/iPhoneOS26.5.sdk --intermediates-directory /Users/emotionmobility/Library/Developer/Xcode/DerivedData/JailbreakShield-cgpmvyyhzyvzezfekfczwawwstag/Build/Intermediates.noindex/JailbreakShield.build/Debug-iphoneos/JailbreakShield.build/VerifyModule --target arm64-apple-ios13.0 --language objective-c --language objective-c++ --standard gnu17 --standard gnu++20

ProcessInfoPlistFile /Users/emotionmobility/Library/Developer/Xcode/DerivedData/JailbreakShield-cgpmvyyhzyvzezfekfczwawwstag/Build/Products/Debug-iphoneos/JailbreakShield.framework/Info.plist /Users/emotionmobility/Library/Developer/Xcode/DerivedData/JailbreakShield-cgpmvyyhzyvzezfekfczwawwstag/Build/Intermediates.noindex/JailbreakShield.build/Debug-iphoneos/JailbreakShield.build/empty-JailbreakShield.plist (in target 'JailbreakShield' from project 'JailbreakShield')
    cd /Users/emotionmobility/Desktop/JailbreakShield
    builtin-infoPlistUtility /Users/emotionmobility/Library/Developer/Xcode/DerivedData/JailbreakShield-cgpmvyyhzyvzezfekfczwawwstag/Build/Intermediates.noindex/JailbreakShield.build/Debug-iphoneos/JailbreakShield.build/empty-JailbreakShield.plist -producttype com.apple.product-type.framework -expandbuildsettings -format binary -platform iphoneos -requiredArchitecture arm64 -o /Users/emotionmobility/Library/Developer/Xcode/DerivedData/JailbreakShield-cgpmvyyhzyvzezfekfczwawwstag/Build/Products/Debug-iphoneos/JailbreakShield.framework/Info.plist

ScanDependencies /Users/emotionmobility/Library/Developer/Xcode/DerivedData/JailbreakShield-cgpmvyyhzyvzezfekfczwawwstag/Build/Intermediates.noindex/JailbreakShield.build/Debug-iphoneos/JailbreakShield.build/Objects-normal/arm64/HDJailbreakDetection.o /Users/emotionmobility/Desktop/JailbreakShield/HDJailbreakDetection.m normal arm64 objective-c com.apple.compilers.llvm.clang.1_0.compiler (in target 'JailbreakShield' from project 'JailbreakShield')
    cd /Users/emotionmobility/Desktop/JailbreakShield
    
    Using response file: /Users/emotionmobility/Library/Developer/Xcode/DerivedData/JailbreakShield-cgpmvyyhzyvzezfekfczwawwstag/Build/Intermediates.noindex/JailbreakShield.build/Debug-iphoneos/JailbreakShield.build/Objects-normal/arm64/e6072d4f65d7061329687fe24e3d63a7-common-args.resp
    
    builtin-ScanDependencies -o /Users/emotionmobility/Library/Developer/Xcode/DerivedData/JailbreakShield-cgpmvyyhzyvzezfekfczwawwstag/Build/Intermediates.noindex/JailbreakShield.build/Debug-iphoneos/JailbreakShield.build/Objects-normal/arm64/HDJailbreakDetection.o.scan -- /Applications/Xcode.app/Contents/Developer/Toolchains/XcodeDefault.xctoolchain/usr/bin/clang -x objective-c -ivfsstatcache /Users/emotionmobility/Library/Developer/Xcode/DerivedData/SDKStatCaches.noindex/iphoneos26.5-23F73-32daed1954a7d5dd0789fcaf2a9bb78b.sdkstatcache -target arm64-apple-ios13.0 -fmessage-length\=0 -fdiagnostics-show-note-include-stack -fmacro-backtrace-limit\=0 -fno-color-diagnostics -fmodules-prune-interval\=86400 -fmodules-prune-after\=345600 -fbuild-session-file\=/Users/emotionmobility/Library/Developer/Xcode/DerivedData/ModuleCache.noindex/Session.modulevalidation -fmodules-validate-once-per-build-session -Wnon-modular-include-in-framework-module -Werror\=non-modular-include-in-framework-module -Wno-trigraphs -Wno-missing-field-initializers -Wno-missing-prototypes -Werror\=return-type -Wdocumentation -Wunreachable-code -Wquoted-include-in-framework-header -Wno-implicit-atomic-properties -Werror\=deprecated-objc-isa-usage -Wno-objc-interface-ivars -Werror\=objc-root-class -Wno-arc-repeated-use-of-weak -Wimplicit-retain-self -Wduplicate-method-match -Wno-missing-braces -Wparentheses -Wswitch -Wunused-function -Wno-unused-label -Wno-unused-parameter -Wunused-variable -Wunused-value -Wempty-body -Wuninitialized -Wconditional-uninitialized -Wno-unknown-pragmas -Wno-shadow -Wno-four-char-constants -Wno-conversion -Wconstant-conversion -Wint-conversion -Wbool-conversion -Wenum-conversion -Wno-float-conversion -Wnon-literal-null-conversion -Wobjc-literal-conversion -Wshorten-64-to-32 -Wpointer-sign -Wno-newline-eof -Wno-selector -Wno-strict-selector-match -Wundeclared-selector -Wdeprecated-implementations -Wno-implicit-fallthrough -isysroot /Applications/Xcode.app/Contents/Developer/Platforms/iPhoneOS.platform/Developer/SDKs/iPhoneOS26.5.sdk -fstrict-aliasing -Wprotocol -Wdeprecated-declarations -Wno-sign-conversion -Winfinite-recursion -Wcomma -Wblock-capture-autoreleasing -Wstrict-prototypes -Wno-semicolon-before-method-body -Wunguarded-availability -index-store-path /Users/emotionmobility/Library/Developer/Xcode/DerivedData/JailbreakShield-cgpmvyyhzyvzezfekfczwawwstag/Index.noindex/DataStore @/Users/emotionmobility/Library/Developer/Xcode/DerivedData/JailbreakShield-cgpmvyyhzyvzezfekfczwawwstag/Build/Intermediates.noindex/JailbreakShield.build/Debug-iphoneos/JailbreakShield.build/Objects-normal/arm64/e6072d4f65d7061329687fe24e3d63a7-common-args.resp -MMD -MT dependencies -MF /Users/emotionmobility/Library/Developer/Xcode/DerivedData/JailbreakShield-cgpmvyyhzyvzezfekfczwawwstag/Build/Intermediates.noindex/JailbreakShield.build/Debug-iphoneos/JailbreakShield.build/Objects-normal/arm64/HDJailbreakDetection.d --serialize-diagnostics /Users/emotionmobility/Library/Developer/Xcode/DerivedData/JailbreakShield-cgpmvyyhzyvzezfekfczwawwstag/Build/Intermediates.noindex/JailbreakShield.build/Debug-iphoneos/JailbreakShield.build/Objects-normal/arm64/HDJailbreakDetection.dia -c /Users/emotionmobility/Desktop/JailbreakShield/HDJailbreakDetection.m -o /Users/emotionmobility/Library/Developer/Xcode/DerivedData/JailbreakShield-cgpmvyyhzyvzezfekfczwawwstag/Build/Intermediates.noindex/JailbreakShield.build/Debug-iphoneos/JailbreakShield.build/Objects-normal/arm64/HDJailbreakDetection.o -index-unit-output-path /JailbreakShield.build/Debug-iphoneos/JailbreakShield.build/Objects-normal/arm64/HDJailbreakDetection.o

CompileC /Users/emotionmobility/Library/Developer/Xcode/DerivedData/JailbreakShield-cgpmvyyhzyvzezfekfczwawwstag/Build/Intermediates.noindex/JailbreakShield.build/Debug-iphoneos/JailbreakShield.build/Objects-normal/arm64/HDJailbreakDetection.o /Users/emotionmobility/Desktop/JailbreakShield/HDJailbreakDetection.m normal arm64 objective-c com.apple.compilers.llvm.clang.1_0.compiler (in target 'JailbreakShield' from project 'JailbreakShield')
    cd /Users/emotionmobility/Desktop/JailbreakShield
    
    Using response file: /Users/emotionmobility/Library/Developer/Xcode/DerivedData/JailbreakShield-cgpmvyyhzyvzezfekfczwawwstag/Build/Intermediates.noindex/JailbreakShield.build/Debug-iphoneos/JailbreakShield.build/Objects-normal/arm64/e6072d4f65d7061329687fe24e3d63a7-common-args.resp
    
    /Applications/Xcode.app/Contents/Developer/Toolchains/XcodeDefault.xctoolchain/usr/bin/clang -x objective-c -ivfsstatcache /Users/emotionmobility/Library/Developer/Xcode/DerivedData/SDKStatCaches.noindex/iphoneos26.5-23F73-32daed1954a7d5dd0789fcaf2a9bb78b.sdkstatcache -target arm64-apple-ios13.0 -fmessage-length\=0 -fdiagnostics-show-note-include-stack -fmacro-backtrace-limit\=0 -fno-color-diagnostics -fmodules-prune-interval\=86400 -fmodules-prune-after\=345600 -fbuild-session-file\=/Users/emotionmobility/Library/Developer/Xcode/DerivedData/ModuleCache.noindex/Session.modulevalidation -fmodules-validate-once-per-build-session -Wnon-modular-include-in-framework-module -Werror\=non-modular-include-in-framework-module -Wno-trigraphs -Wno-missing-field-initializers -Wno-missing-prototypes -Werror\=return-type -Wdocumentation -Wunreachable-code -Wquoted-include-in-framework-header -Wno-implicit-atomic-properties -Werror\=deprecated-objc-isa-usage -Wno-objc-interface-ivars -Werror\=objc-root-class -Wno-arc-repeated-use-of-weak -Wimplicit-retain-self -Wduplicate-method-match -Wno-missing-braces -Wparentheses -Wswitch -Wunused-function -Wno-unused-label -Wno-unused-parameter -Wunused-variable -Wunused-value -Wempty-body -Wuninitialized -Wconditional-uninitialized -Wno-unknown-pragmas -Wno-shadow -Wno-four-char-constants -Wno-conversion -Wconstant-conversion -Wint-conversion -Wbool-conversion -Wenum-conversion -Wno-float-conversion -Wnon-literal-null-conversion -Wobjc-literal-conversion -Wshorten-64-to-32 -Wpointer-sign -Wno-newline-eof -Wno-selector -Wno-strict-selector-match -Wundeclared-selector -Wdeprecated-implementations -Wno-implicit-fallthrough -isysroot /Applications/Xcode.app/Contents/Developer/Platforms/iPhoneOS.platform/Developer/SDKs/iPhoneOS26.5.sdk -fstrict-aliasing -Wprotocol -Wdeprecated-declarations -Wno-sign-conversion -Winfinite-recursion -Wcomma -Wblock-capture-autoreleasing -Wstrict-prototypes -Wno-semicolon-before-method-body -Wunguarded-availability -index-store-path /Users/emotionmobility/Library/Developer/Xcode/DerivedData/JailbreakShield-cgpmvyyhzyvzezfekfczwawwstag/Index.noindex/DataStore @/Users/emotionmobility/Library/Developer/Xcode/DerivedData/JailbreakShield-cgpmvyyhzyvzezfekfczwawwstag/Build/Intermediates.noindex/JailbreakShield.build/Debug-iphoneos/JailbreakShield.build/Objects-normal/arm64/e6072d4f65d7061329687fe24e3d63a7-common-args.resp -MMD -MT dependencies -MF /Users/emotionmobility/Library/Developer/Xcode/DerivedData/JailbreakShield-cgpmvyyhzyvzezfekfczwawwstag/Build/Intermediates.noindex/JailbreakShield.build/Debug-iphoneos/JailbreakShield.build/Objects-normal/arm64/HDJailbreakDetection.d --serialize-diagnostics /Users/emotionmobility/Library/Developer/Xcode/DerivedData/JailbreakShield-cgpmvyyhzyvzezfekfczwawwstag/Build/Intermediates.noindex/JailbreakShield.build/Debug-iphoneos/JailbreakShield.build/Objects-normal/arm64/HDJailbreakDetection.dia -c /Users/emotionmobility/Desktop/JailbreakShield/HDJailbreakDetection.m -o /Users/emotionmobility/Library/Developer/Xcode/DerivedData/JailbreakShield-cgpmvyyhzyvzezfekfczwawwstag/Build/Intermediates.noindex/JailbreakShield.build/Debug-iphoneos/JailbreakShield.build/Objects-normal/arm64/HDJailbreakDetection.o -index-unit-output-path /JailbreakShield.build/Debug-iphoneos/JailbreakShield.build/Objects-normal/arm64/HDJailbreakDetection.o
/Users/emotionmobility/Desktop/JailbreakShield/HDJailbreakDetection.m:981:44: warning: 'keyWindow' is deprecated: first deprecated in iOS 13.0 - Should not be used for applications that support multiple scenes as it returns a key window across all connected scenes [-Wdeprecated-declarations]
  981 |     return UIApplication.sharedApplication.keyWindow;
      |                                            ^
In module 'UIKit' imported from /Users/emotionmobility/Desktop/JailbreakShield/HDJailbreakDetection.h:1:
/Applications/Xcode.app/Contents/Developer/Platforms/iPhoneOS.platform/Developer/SDKs/iPhoneOS26.5.sdk/System/Library/Frameworks/UIKit.framework/Headers/UIApplication.h:108:51: note: 'keyWindow' has been explicitly marked deprecated here
  108 | @property(nullable, nonatomic,readonly) UIWindow *keyWindow API_DEPRECATED("Should not be used for applications that support multiple scenes as it returns a key window across all connected scenes", ios(2.0, 13.0)) API_UNAVAILABLE(visionos, watchos);
      |                                                   ^
1 warning generated.

Ld /Users/emotionmobility/Library/Developer/Xcode/DerivedData/JailbreakShield-cgpmvyyhzyvzezfekfczwawwstag/Build/Products/Debug-iphoneos/JailbreakShield.framework/JailbreakShield normal (in target 'JailbreakShield' from project 'JailbreakShield')
    cd /Users/emotionmobility/Desktop/JailbreakShield
    /Applications/Xcode.app/Contents/Developer/Toolchains/XcodeDefault.xctoolchain/usr/bin/clang -Xlinker -reproducible -target arm64-apple-ios13.0 -dynamiclib -isysroot /Applications/Xcode.app/Contents/Developer/Platforms/iPhoneOS.platform/Developer/SDKs/iPhoneOS26.5.sdk -O0 -L/Users/emotionmobility/Library/Developer/Xcode/DerivedData/JailbreakShield-cgpmvyyhzyvzezfekfczwawwstag/Build/Intermediates.noindex/EagerLinkingTBDs/Debug-iphoneos -L/Users/emotionmobility/Library/Developer/Xcode/DerivedData/JailbreakShield-cgpmvyyhzyvzezfekfczwawwstag/Build/Products/Debug-iphoneos -F/Users/emotionmobility/Library/Developer/Xcode/DerivedData/JailbreakShield-cgpmvyyhzyvzezfekfczwawwstag/Build/Intermediates.noindex/EagerLinkingTBDs/Debug-iphoneos -F/Users/emotionmobility/Library/Developer/Xcode/DerivedData/JailbreakShield-cgpmvyyhzyvzezfekfczwawwstag/Build/Products/Debug-iphoneos -filelist /Users/emotionmobility/Library/Developer/Xcode/DerivedData/JailbreakShield-cgpmvyyhzyvzezfekfczwawwstag/Build/Intermediates.noindex/JailbreakShield.build/Debug-iphoneos/JailbreakShield.build/Objects-normal/arm64/JailbreakShield.LinkFileList -install_name @rpath/JailbreakShield.framework/JailbreakShield -Xlinker -rpath -Xlinker /usr/lib/swift -Xlinker -rpath -Xlinker @executable_path/Frameworks -Xlinker -rpath -Xlinker @loader_path/Frameworks -Xlinker -dead_strip -Xlinker -object_path_lto -Xlinker /Users/emotionmobility/Library/Developer/Xcode/DerivedData/JailbreakShield-cgpmvyyhzyvzezfekfczwawwstag/Build/Intermediates.noindex/JailbreakShield.build/Debug-iphoneos/JailbreakShield.build/Objects-normal/arm64/JailbreakShield_lto.o -rdynamic -Xlinker -no_deduplicate -Xlinker -final_output -Xlinker /Library/Frameworks/JailbreakShield.framework/JailbreakShield -Xlinker -dependency_info -Xlinker /Users/emotionmobility/Library/Developer/Xcode/DerivedData/JailbreakShield-cgpmvyyhzyvzezfekfczwawwstag/Build/Intermediates.noindex/JailbreakShield.build/Debug-iphoneos/JailbreakShield.build/Objects-normal/arm64/JailbreakShield_dependency_info.dat -fobjc-arc -fobjc-link-runtime -L/Applications/Xcode.app/Contents/Developer/Toolchains/XcodeDefault.xctoolchain/usr/lib/swift/iphoneos -L/usr/lib/swift -Xlinker -add_ast_path -Xlinker /Users/emotionmobility/Library/Developer/Xcode/DerivedData/JailbreakShield-cgpmvyyhzyvzezfekfczwawwstag/Build/Intermediates.noindex/JailbreakShield.build/Debug-iphoneos/JailbreakShield.build/Objects-normal/arm64/JailbreakShield.swiftmodule @/Users/emotionmobility/Library/Developer/Xcode/DerivedData/JailbreakShield-cgpmvyyhzyvzezfekfczwawwstag/Build/Intermediates.noindex/JailbreakShield.build/Debug-iphoneos/JailbreakShield.build/Objects-normal/arm64/JailbreakShield-linker-args.resp -Xlinker -no_adhoc_codesign -compatibility_version 1 -current_version 1 -o /Users/emotionmobility/Library/Developer/Xcode/DerivedData/JailbreakShield-cgpmvyyhzyvzezfekfczwawwstag/Build/Products/Debug-iphoneos/JailbreakShield.framework/JailbreakShield

ExtractAppIntentsMetadata (in target 'JailbreakShield' from project 'JailbreakShield')
    cd /Users/emotionmobility/Desktop/JailbreakShield
    /Applications/Xcode.app/Contents/Developer/Toolchains/XcodeDefault.xctoolchain/usr/bin/appintentsmetadataprocessor --toolchain-dir /Applications/Xcode.app/Contents/Developer/Toolchains/XcodeDefault.xctoolchain --module-name JailbreakShield --sdk-root /Applications/Xcode.app/Contents/Developer/Platforms/iPhoneOS.platform/Developer/SDKs/iPhoneOS26.5.sdk --xcode-version 17F42 --platform-family iOS --deployment-target 13.0 --bundle-identifier com.harshwivedi.JailbreakShield.JailbreakShield --output /Users/emotionmobility/Library/Developer/Xcode/DerivedData/JailbreakShield-cgpmvyyhzyvzezfekfczwawwstag/Build/Products/Debug-iphoneos/JailbreakShield.framework --target-triple arm64-apple-ios13.0 --binary-file /Users/emotionmobility/Library/Developer/Xcode/DerivedData/JailbreakShield-cgpmvyyhzyvzezfekfczwawwstag/Build/Products/Debug-iphoneos/JailbreakShield.framework/JailbreakShield --dependency-file /Users/emotionmobility/Library/Developer/Xcode/DerivedData/JailbreakShield-cgpmvyyhzyvzezfekfczwawwstag/Build/Intermediates.noindex/JailbreakShield.build/Debug-iphoneos/JailbreakShield.build/Objects-normal/arm64/JailbreakShield_dependency_info.dat --stringsdata-file /Users/emotionmobility/Library/Developer/Xcode/DerivedData/JailbreakShield-cgpmvyyhzyvzezfekfczwawwstag/Build/Intermediates.noindex/JailbreakShield.build/Debug-iphoneos/JailbreakShield.build/Objects-normal/arm64/ExtractedAppShortcutsMetadata.stringsdata --source-file-list /Users/emotionmobility/Library/Developer/Xcode/DerivedData/JailbreakShield-cgpmvyyhzyvzezfekfczwawwstag/Build/Intermediates.noindex/JailbreakShield.build/Debug-iphoneos/JailbreakShield.build/Objects-normal/arm64/JailbreakShield.SwiftFileList --metadata-file-list /Users/emotionmobility/Library/Developer/Xcode/DerivedData/JailbreakShield-cgpmvyyhzyvzezfekfczwawwstag/Build/Intermediates.noindex/JailbreakShield.build/Debug-iphoneos/JailbreakShield.build/JailbreakShield.DependencyMetadataFileList --static-metadata-file-list /Users/emotionmobility/Library/Developer/Xcode/DerivedData/JailbreakShield-cgpmvyyhzyvzezfekfczwawwstag/Build/Intermediates.noindex/JailbreakShield.build/Debug-iphoneos/JailbreakShield.build/JailbreakShield.DependencyStaticMetadataFileList --swift-const-vals-list /Users/emotionmobility/Library/Developer/Xcode/DerivedData/JailbreakShield-cgpmvyyhzyvzezfekfczwawwstag/Build/Intermediates.noindex/JailbreakShield.build/Debug-iphoneos/JailbreakShield.build/Objects-normal/arm64/JailbreakShield.SwiftConstValuesFileList --compile-time-extraction --deployment-aware-processing --validate-assistant-intents --no-app-shortcuts-localization
2026-06-29 10:53:02.538 appintentsmetadataprocessor[78124:1210530] Starting appintentsmetadataprocessor export
2026-06-29 10:53:02.544 appintentsmetadataprocessor[78124:1210530] warning: Metadata extraction skipped. No AppIntents.framework dependency found.

AppIntentsSSUTraining (in target 'JailbreakShield' from project 'JailbreakShield')
    cd /Users/emotionmobility/Desktop/JailbreakShield
    /Applications/Xcode.app/Contents/Developer/Toolchains/XcodeDefault.xctoolchain/usr/bin/appintentsnltrainingprocessor --infoplist-path /Users/emotionmobility/Library/Developer/Xcode/DerivedData/JailbreakShield-cgpmvyyhzyvzezfekfczwawwstag/Build/Products/Debug-iphoneos/JailbreakShield.framework/Info.plist --temp-dir-path /Users/emotionmobility/Library/Developer/Xcode/DerivedData/JailbreakShield-cgpmvyyhzyvzezfekfczwawwstag/Build/Intermediates.noindex/JailbreakShield.build/Debug-iphoneos/JailbreakShield.build/ssu --bundle-id com.harshwivedi.JailbreakShield.JailbreakShield --product-path /Users/emotionmobility/Library/Developer/Xcode/DerivedData/JailbreakShield-cgpmvyyhzyvzezfekfczwawwstag/Build/Products/Debug-iphoneos/JailbreakShield.framework --extracted-metadata-path /Users/emotionmobility/Library/Developer/Xcode/DerivedData/JailbreakShield-cgpmvyyhzyvzezfekfczwawwstag/Build/Products/Debug-iphoneos/JailbreakShield.framework/Metadata.appintents --deployment-postprocessing --metadata-file-list /Users/emotionmobility/Library/Developer/Xcode/DerivedData/JailbreakShield-cgpmvyyhzyvzezfekfczwawwstag/Build/Intermediates.noindex/JailbreakShield.build/Debug-iphoneos/JailbreakShield.build/JailbreakShield.DependencyMetadataFileList --source-file /Users/emotionmobility/Library/Developer/Xcode/DerivedData/JailbreakShield-cgpmvyyhzyvzezfekfczwawwstag/Build/Products/Debug-iphoneos/JailbreakShield.framework/Info.plist --archive-ssu-assets
2026-06-29 10:53:02.562 appintentsnltrainingprocessor[78129:1210539] Parsing options for appintentsnltrainingprocessor
2026-06-29 10:53:02.562 appintentsnltrainingprocessor[78129:1210539] Starting AppIntents SSU YAML Generation
2026-06-29 10:53:02.566 appintentsnltrainingprocessor[78129:1210539] No AppShortcuts found - Skipping.

GenerateTAPI /Users/emotionmobility/Library/Developer/Xcode/DerivedData/JailbreakShield-cgpmvyyhzyvzezfekfczwawwstag/Build/Intermediates.noindex/EagerLinkingTBDs/Debug-iphoneos/JailbreakShield.framework/JailbreakShield.tbd (in target 'JailbreakShield' from project 'JailbreakShield')
    cd /Users/emotionmobility/Desktop/JailbreakShield
    /Applications/Xcode.app/Contents/Developer/Toolchains/XcodeDefault.xctoolchain/usr/bin/tapi stubify -isysroot /Applications/Xcode.app/Contents/Developer/Platforms/iPhoneOS.platform/Developer/SDKs/iPhoneOS26.5.sdk -F/Users/emotionmobility/Library/Developer/Xcode/DerivedData/JailbreakShield-cgpmvyyhzyvzezfekfczwawwstag/Build/Products/Debug-iphoneos -L/Users/emotionmobility/Library/Developer/Xcode/DerivedData/JailbreakShield-cgpmvyyhzyvzezfekfczwawwstag/Build/Products/Debug-iphoneos /Users/emotionmobility/Library/Developer/Xcode/DerivedData/JailbreakShield-cgpmvyyhzyvzezfekfczwawwstag/Build/Products/Debug-iphoneos/JailbreakShield.framework/JailbreakShield -o /Users/emotionmobility/Library/Developer/Xcode/DerivedData/JailbreakShield-cgpmvyyhzyvzezfekfczwawwstag/Build/Intermediates.noindex/EagerLinkingTBDs/Debug-iphoneos/JailbreakShield.framework/JailbreakShield.tbd

CodeSign /Users/emotionmobility/Library/Developer/Xcode/DerivedData/JailbreakShield-cgpmvyyhzyvzezfekfczwawwstag/Build/Products/Debug-iphoneos/JailbreakShield.framework (in target 'JailbreakShield' from project 'JailbreakShield')
    cd /Users/emotionmobility/Desktop/JailbreakShield
    
    Signing Identity:     "Apple Development: kiran.pareek@emotionmobility.com (5AZS6B5Y8Z)"
    
    /usr/bin/codesign --force --sign A463D6EDAB91E1DC0995EC93808BEFFF107425CD --generate-entitlement-der /Users/emotionmobility/Library/Developer/Xcode/DerivedData/JailbreakShield-cgpmvyyhzyvzezfekfczwawwstag/Build/Products/Debug-iphoneos/JailbreakShield.framework

RegisterExecutionPolicyException /Users/emotionmobility/Library/Developer/Xcode/DerivedData/JailbreakShield-cgpmvyyhzyvzezfekfczwawwstag/Build/Products/Debug-iphoneos/JailbreakShield.framework (in target 'JailbreakShield' from project 'JailbreakShield')
    cd /Users/emotionmobility/Desktop/JailbreakShield
    builtin-RegisterExecutionPolicyException /Users/emotionmobility/Library/Developer/Xcode/DerivedData/JailbreakShield-cgpmvyyhzyvzezfekfczwawwstag/Build/Products/Debug-iphoneos/JailbreakShield.framework

Touch /Users/emotionmobility/Library/Developer/Xcode/DerivedData/JailbreakShield-cgpmvyyhzyvzezfekfczwawwstag/Build/Products/Debug-iphoneos/JailbreakShield.framework (in target 'JailbreakShield' from project 'JailbreakShield')
    cd /Users/emotionmobility/Desktop/JailbreakShield
    /usr/bin/touch -c /Users/emotionmobility/Library/Developer/Xcode/DerivedData/JailbreakShield-cgpmvyyhzyvzezfekfczwawwstag/Build/Products/Debug-iphoneos/JailbreakShield.framework

** BUILD SUCCEEDED **

